<?xml version="1.0" encoding="UTF-8"?>
<testng-results skipped="0" failed="0" ignored="0" total="1" passed="1">
  <reporter-output>
  </reporter-output>
  <suite name="Default suite" duration-ms="3750" started-at="2018-04-12T06:38:33Z" finished-at="2018-04-12T06:38:37Z">
    <groups>
    </groups>
    <test name="Default test" duration-ms="3750" started-at="2018-04-12T06:38:33Z" finished-at="2018-04-12T06:38:37Z">
      <class name="com.qa.test.api.RestAssuredBDD">
        <test-method status="PASS" signature="testProfiles()[pri:0, instance:com.qa.test.api.RestAssuredBDD@59f99ea]" name="testProfiles" duration-ms="3704" started-at="2018-04-12T12:08:33Z" finished-at="2018-04-12T12:08:37Z">
          <reporter-output>
          </reporter-output>
        </test-method> <!-- testProfiles -->
      </class> <!-- com.qa.test.api.RestAssuredBDD -->
    </test> <!-- Default test -->
  </suite> <!-- Default suite -->
</testng-results>
